*************************************************************************
   EQ composition PT list (version 1.4l)
      "RePATHv_1c"
*************************************************************************
                                            produced by H.N. (2022/04/18)
   the number of EQ            : 7
   the number of atom          : 72
   the number of element       : 4
   the number of composition   : 7
   the number of sequence type : 5
   the number of TS            : 0
   the number of PT            : 4

-------------------------------------------------------------------------

   << list of compositions >>

   type 1 EQ	: 0 (1 EQ(s))
             	: H4CO35Pd32 (1 molecule(s))
   type 2 EQ	: 1 (1 EQ(s))
             	: H3CO35Pd32 H (2 molecule(s))
   type 3 EQ	: 2 (1 EQ(s))
             	: HCO H H2O34Pd32 (3 molecule(s))
   type 4 EQ	: 3 (1 EQ(s))
             	: H H H2CO35Pd32 (3 molecule(s))
   type 5 EQ	: 4 (1 EQ(s))
             	: H4CO35Pd32 (1 molecule(s))
   type 6 EQ	: 5 (1 EQ(s))
             	: H H H2CO35Pd32 (3 molecule(s))
   type 7 EQ	: 6 (1 EQ(s))
             	: H H3CO35Pd32 (2 molecule(s))

-------------------------------------------------------------------------

   << list of sequences >>

   Iseq 1 EQ	: 0 1 (2 EQ(s))
   Iseq 2 EQ	: 2 (1 EQ(s))
   Iseq 3 EQ	: 3 (1 EQ(s))
   Iseq 4 EQ	: 4 (1 EQ(s))
   Iseq 5 EQ	: 5 6 (2 EQ(s))

=========================================================================

list of PT connected from composition type 1 ( Iseq 1 )
 PT 0	: 0 - 1	( -> type 2 : Iseq 1 ) : E = -2261.944804487619 (dE = 52.8 kJ/mol) : the same Iseq connection
-------------------------------------------------------------------------
list of PT connected from composition type 2 ( Iseq 1 )
 PT 0	: 1 - 0	( -> type 1 : Iseq 1 ) : E = -2261.944804487619 (dE = 27.3 kJ/mol) : the same Iseq connection
-------------------------------------------------------------------------
list of PT connected from composition type 3 ( Iseq 2 )
 PT 1	: 2 - 3	( -> type 4 : Iseq 3 ) : E = -2262.008053574023 (dE = 106.8 kJ/mol)
-------------------------------------------------------------------------
list of PT connected from composition type 4 ( Iseq 3 )
 PT 1	: 3 - 2	( -> type 3 : Iseq 2 ) : E = -2262.008053574023 (dE = 78.2 kJ/mol)
-------------------------------------------------------------------------
list of PT connected from composition type 5 ( Iseq 4 )
 PT 2	: 4 - 5	( -> type 6 : Iseq 5 ) : E = -2261.946214117562 (dE = 62.1 kJ/mol)
-------------------------------------------------------------------------
list of PT connected from composition type 6 ( Iseq 5 )
 PT 2	: 5 - 4	( -> type 5 : Iseq 4 ) : E = -2261.946214117562 (dE = 55.7 kJ/mol)
 PT 3	: 5 - 6	( -> type 7 : Iseq 5 ) : E = -2261.966729639055 (dE = 1.9 kJ/mol) : the same Iseq connection
-------------------------------------------------------------------------
list of PT connected from composition type 7 ( Iseq 5 )
 PT 3	: 6 - 5	( -> type 6 : Iseq 5 ) : E = -2261.966729639055 (dE = 63.6 kJ/mol) : the same Iseq connection
-------------------------------------------------------------------------

=========================================================================
list of PT connected to the same composition type : (dE = left -> right, right -> left)
=========================================================================
list of PT connected to "??" or "DC" : (dE = left -> right, right -> left)
=========================================================================
