19
EQ 0 ; E = -13.76152990591534
Ar -1.76593137366466 0.8372286397190161 -0.16392393815922626
Ar -0.8548413894534754 -1.5479150378931354 2.068751557956823
Ar 2.2818660802522355 -0.31579374302878505 -0.2677744067615439
Ar 1.3782980976143866 0.6902444843425622 -1.4272734049940838
Ar 0.1410145369231818 1.2598882113651273 1.3247541508607221
Ar 1.5927886316116304 -1.874144771477904 0.24568528127349382
Ar -0.24981043137968661 0.18857819688083588 -2.007369746336859
Ar 2.416630702146983 -0.8355613522046341 1.4368294147332736
Ar 0.8634683028570912 -0.31352181742112145 0.7789335044810562
Ar -0.8608850489431391 -0.14922294091427785 0.9870371310644587
Ar -0.014498716416437343 0.6990660439233077 -0.3379977635201009
Ar 0.9105888304253521 -1.6901535852910958 1.878987820452872
Ar 0.6866723734738317 -0.8515129048541543 -0.8854600407857172
Ar -1.0631105597598456 -0.7012201544048484 -0.6999032065501186
Ar 1.5779820354207816 1.2193682416248894 0.26618815017861497
Ar 0.20724356266872024 -0.15445161135413338 2.4121069081822846
Ar -1.9340598049302955 -1.4994573230298793 0.6293566599160277
Ar 1.7080727716724726 0.6935542322691446 1.9631688822979372
Ar -0.16158574391635697 -1.7016778828624035 0.44250517204910245

19
EQ 1 ; E = -13.826089207607174
Ar -1.4592137029246186 -1.2544319343814865 -1.307918394245495
Ar 0.6361069859679898 -0.9393316053877575 0.6884836152989591
Ar -0.05786419055862186 -1.8840549595678815 1.9891847075440874
Ar -0.3916809386147415 1.4417897177120547 -0.6324245848905115
Ar -0.31688240747156954 0.08228588807464542 -1.8534954241094348
Ar -0.6592196749233201 -0.22059828951848515 -0.18684350473594677
Ar -2.265291899735295 -0.701555503415609 0.2223573939681215
Ar -0.8571000264149726 -1.8590545656468578 0.3330263405268779
Ar 0.31929015001214284 -1.392832076301364 -1.0068222638260023
Ar 2.5889977999296523 0.9441270504622553 -0.49316720773436795
Ar -1.6524939713759932 0.96432965795921 0.6076747657243547
Ar -0.9934044574530134 -0.4793019926794297 1.498629265813314
Ar -1.914161096878339 0.5083729928455686 -1.117820639071466
Ar 0.9533422055649649 0.2641555038774928 -0.5829440960200638
Ar 1.8081272501536203 0.3251468942412341 0.9837886624954337
Ar 0.08481032217847385 0.7948684709194906 0.9557743580132706
Ar 1.2186421594170844 1.8566240161409522 0.19869916889907077
Ar 0.6328842505845123 -0.19399391749404649 2.2854735145368332
Ar 1.1925587622302514 1.5818694775548696 2.0482288360596477

19
EQ 2 ; E = -13.413024379099364
Ar -1.1003768875275894 -1.6486941845588765 -2.112824503456618
Ar 0.7338565267935059 0.18547843487352017 0.23511200580118413
Ar 1.3115930353486238 -2.264263649149386 1.5004197450840993
Ar -0.2011416900675213 1.02373945746527 1.417170211549824
Ar -0.8630542032634522 -0.45260468537269277 0.6217538994556161
Ar 1.5401844890982412 -0.7377222939608972 -1.0309612794476224
Ar 0.8708409197739783 1.8978798619537691 0.15478009895429157
Ar 0.5016035428292352 -1.4972654757312105 0.18844479707497228
Ar -1.0720131067490954 -1.9512818507876393 -0.3518105357194618
Ar 1.9382428242903817 -2.3303241910389185 -0.27920788969769106
Ar 0.8236140360582865 0.8827140467382194 -1.3590699624524762
Ar 2.2860607869202187 0.720209455158433 -0.28382750532750306
Ar 2.0643941549902887 -0.8281121595984017 0.702853485333541
Ar 0.4715526139534856 -2.1327216575215764 -1.4144967979105028
Ar -0.24352576006904422 -0.5112941877264625 -1.0615980447782367
Ar 1.985093062405833 2.21985094324335 -1.2025214133375015
Ar 0.5442523127743315 -0.645804578042065 1.7474831625107548
Ar -0.5591859702329945 -2.033531442233764 1.439182291767269
Ar -0.6596557273425462 1.0682863864884862 -0.3355216311368402

19
EQ 3 ; E = -14.06005176957233
Ar -0.6180082516820323 -2.411752473843397 -0.6179843649909408
Ar 0.27635267903902866 -1.550303281589346 0.7223994233015002
Ar -0.4438329388308555 -0.6874046751468662 -0.5927103700646609
Ar -0.5295360816466725 0.024886749075240383 0.9719124055727512
Ar -1.5304818335562758 -1.4021508811930894 0.5617589206438457
Ar 1.0259682036106121 -0.02318574307177309 -0.019571740865640716
Ar -0.3909901627048888 -1.4451771907851771 -2.1436184113477537
Ar 2.3073002051633913 -0.49436114871967674 -1.116801027907918
Ar 2.0302617974542208 -1.344312684348956 0.49621322540380297
Ar -1.2374134200820857 1.6305844136242076 0.6828552151835774
Ar -1.8667013201115712 0.2034517314066157 -0.20092019686398535
Ar -1.1654652890035606 0.20315165108008695 -1.8859784852858341
Ar 0.6633372403991066 -0.035003197335249654 -1.7655055482860695
Ar -1.9398213552188401 -1.2989026682272273 -1.2076082021805101
Ar -1.7671588649399783 1.7260709548701738 -1.078830482271435
Ar 0.9668323068817718 -1.6242999415048367 -0.9338935862439165
Ar 0.5689460809842289 1.3786682973848743 0.9629306177795547
Ar -0.22686502255981045 1.0279376684890982 -0.6077303343543538
Ar 1.0763311993082016 -0.2716428507916901 1.6953614107764785

19
EQ 4 ; E = -13.420729540127919
Ar 1.9819858943408317 0.5355653093104857 0.28163688081819793
Ar -2.149890799063277 -0.48419150742666145 -0.3406967736812277
Ar -1.187482035192772 -1.615527086231161 2.3545862250715346
Ar -2.370942136828188 1.127061978728757 -1.044400269149891
Ar 1.6373430664017603 -0.666338956009558 1.6610976067246168
Ar 0.39334774124349275 0.026582367229584982 0.6855399795655558
Ar -0.6038466482306039 1.2398859864663916 1.5113716245390136
Ar -0.8780094268378259 0.7968963533168335 -0.18376201360476035
Ar 2.1626321001620337 2.1967644418722068 0.9053499628827435
Ar 0.6180125669560258 0.3587222505664118 -1.0104555939734867
Ar -1.549828368090855 -1.975411294878694 0.5834323557895866
Ar -0.4621027298359847 -0.9794000880214851 -0.4148382929198676
Ar -2.3199717802838054 0.9697493677488357 0.7748229878981727
Ar 0.12172791410484796 -1.6068480662854796 1.171054408687298
Ar 0.5917506425768917 1.6974148926628625 0.23184692279118302
Ar 0.026850664660132865 -0.24870207685016962 2.374929991277473
Ar -1.2265472163494715 -0.3593216099649663 1.135453318467895
Ar -1.080748202716338 0.029730035469560875 -1.7310898107966037
Ar 1.1580898465295277 1.0653613631213354 1.8431183379996345

19
EQ 5 ; E = -13.782307520824673
Ar -0.9821163492673899 0.020799847572493067 -2.3046767547058415
Ar -0.7607315541113373 0.6670993016550327 0.5299290168983815
Ar 0.3803656894971043 1.4485376969464587 1.6161628419253258
Ar -0.3204088290965963 -1.4193731391212334 -1.4521584524517648
Ar -1.5877481495835102 -0.3838884492715847 -0.6324962117279845
Ar 1.2726304824464327 -1.042748202053183 -0.6667194795058603
Ar 0.04519049949661833 0.20832209372148378 -0.9353484993694412
Ar -1.2357204563133477 1.3610795645106444 -1.036662740550806
Ar 1.2983745139238283 -1.335083190886924 1.175174528410128
Ar 1.6833204653712313 0.2802526861928744 2.059574806620644
Ar -1.2676946383484584 0.8885760788212539 2.190488644897567
Ar 1.958811215828303 1.583980221992771 0.7180706438379172
Ar -0.01345197494812755 -0.30717326963916924 1.8705682622271893
Ar 0.4157832991216201 1.758966180492607 -0.19647957424921933
Ar 1.7160245911141083 0.7180903114219652 -0.9761726732122781
Ar 0.9431813504904883 0.2146041165910059 0.5049639131085322
Ar -1.6774612152150854 -0.6326656864484282 1.2239991804952015
Ar 0.8973952937124374 -0.37728647404977617 -2.3065082142407394
Ar -0.23693093502768492 -1.0645972579371348 0.2849468679715408

19
EQ 6 ; E = -13.065754862378197
Ar -0.5117653033799759 -1.7810534585170643 -2.2516411285281035
Ar -0.676648192661008 1.1925696921492246 -1.6554683661637337
Ar 0.9658231548435077 -1.840926155196187 -1.187866598518144
Ar 1.3181263652965045 2.3728764761830496 0.3911646596549299
Ar 1.911955102964737 -0.24695029885905026 -1.1269046733045223
Ar -1.7707912597005093 0.7302889575636831 1.196103149176605
Ar 0.20395568401010786 -0.3173283323434132 -1.586001312101452
Ar -1.5793670320088935 2.711242006889151 -1.7244620992545805
Ar -0.7908181985606734 0.2301567979786218 -0.19435452997920552
Ar 0.7275169034914936 -0.643061615087422 0.09892037211623275
Ar -0.22387294856848844 -0.09875766153127957 1.4615004895074224
Ar -1.6259090105806062 1.7819490007296725 -0.21737896992822553
Ar -2.446540683722718 1.1152493265779533 -1.6192474335980394
Ar -0.6813480711593188 -1.4942777182584963 -0.5099848006861025
Ar -0.11064310602116328 2.5608197519348748 -0.6738419307573875
Ar 0.7456256953297075 1.0110658819177256 -0.5900934475673185
Ar -1.5471502987770251 -0.4131223189771535 -1.6564918647629217
Ar -0.21085313204690664 1.560165036602264 0.8133844386174867
Ar 1.3336605263739816 0.7065668909914369 1.0503370466768607

19
EQ 7 ; E = -13.597036275874496
Ar -0.5202762396044708 -1.6300113824282938 1.0433218225464578
Ar -1.546009426587371 -0.7394154075470226 -0.03237204176672035
Ar 0.9841198999751769 -2.0700489095179226 0.24430669357496113
Ar 0.8591471013387665 -0.42775769168575056 -2.762215352219432
Ar -0.8510524605573371 0.8721767710094723 -0.12418878373411076
Ar 0.9060760250154263 0.9996321461216122 -0.022276655884322115
Ar -1.7635122555460478 0.20152459147686524 -1.4940510803192377
Ar 0.031265492486117645 0.04962264081538643 1.2311127035133695
Ar -0.5694956873812632 -0.9726721790861358 -1.9156843472443845
Ar 0.16194003745944263 -0.6250261315447564 -0.3527124362958457
Ar 0.9423850470095654 -1.7410948318250576 -1.4957929801082432
Ar 0.9713070475383405 -1.3447958664636013 1.9169097445236392
Ar -2.13848125113297 -1.5905218797326692 -1.4509740524790036
Ar 1.6649558729444778 -0.1619365076518243 -1.175807183010507
Ar -0.6092071130850896 -2.180041322895873 -0.6398858701361595
Ar 0.13237988365394024 0.6212108993582487 -1.554824091083509
Ar 1.6639772087846905 -0.4681583206437819 0.5681217372423499
Ar -0.8154524047075083 0.43067107452170367 -2.994017007285306
Ar -1.1195346929144012 1.8188133608477424 -1.7066601221029314

19
EQ 8 ; E = -13.867975273853608
Ar 0.784699996879563 0.8864446975289323 1.5899558822044406
Ar -0.34432182461581895 -0.28289003216691844 -1.4658622573842608
Ar 0.23371876666557992 -1.391964886406734 -0.18334050294312434
Ar 0.5203611538209463 1.2795073014058427 -1.3406043732936148
Ar -1.8427604262147252 -0.5845149071838802 1.7450643369827115
Ar 1.544959011935302 -0.5532167506400303 0.7473719795480391
Ar -0.9722428253874149 0.9217817076115594 1.1751533319034955
Ar -2.1003990917338027 -0.14457956764698363 -1.4661906667818
Ar -1.3262309029028987 -0.42105139619172866 0.08031183033405459
Ar -1.2905552125613597 -1.7494364991632871 -1.04306262207011
Ar 0.1858111980424746 2.0258018102827355 0.28649221094409083
Ar -1.1385057506583252 -1.9998605347836953 0.7864007281280917
Ar 2.2673453136761066 1.201489524864495 -1.6000759553699728
Ar 1.7438680067183476 1.1076351165303087 0.0865851436562149
Ar -0.11175182246738966 -0.6763096442410655 1.4321203966390572
Ar 0.21263843871363744 0.3189657708528033 0.05724200973868511
Ar -1.128642993506871 1.1720024538272296 -0.6513932741518399
Ar 1.409138458200681 -0.27833443181782636 -1.039713738881127
Ar 1.5068309971590401 2.63335468450672 -0.7755540388138698

19
EQ 9 ; E = -13.245089061806722
Ar -1.7916797980998043 -0.525119934306676 0.5086029237828764
Ar -0.3155360663189197 0.3643423729680038 0.5749725122869578
Ar -2.9878650583794415 0.6340281952976508 -0.20070538664457163
Ar 2.160363814301538 0.542708028929058 -0.7769700769999285
Ar 1.2506334223085989 2.098321060426224 -1.0760074526629078
Ar -0.37319740453389866 -0.9412013787381743 -0.6020957264609748
Ar -1.3413372154511867 0.5652241506431458 -0.8258631909654389
Ar -0.36120403902503273 1.9591499217243113 -0.16322280275164486
Ar 1.1545535276667007 -0.5137944342135592 0.23586614650544022
Ar -1.726642036267618 1.2977732553306232 0.8494970959655915
Ar 1.4320216816410818 0.7937585683561103 -2.3706444352925247
Ar 1.2264953997388137 -0.8313976176739472 -1.5169773090465504
Ar -0.1363850050521733 1.738362001333269 1.619621958864982
Ar 1.1747332070733854 1.270934935332519 0.4991780059229748
Ar 0.8095290726858209 0.15750882853076284 1.8699126808703288
Ar -0.19651979071912515 -1.2468648958737087 1.1755315490673244
Ar -1.3261043454420096 -2.214108155676737 0.1845961045561637
Ar -2.0828820879912757 2.156350321004399 -0.6560120919218908
Ar 0.3930344737497609 0.5943361669895127 -0.9797324171046705
